TSN#: TSN2606
Timestamp: 2026-04-26T14:45:00-05:00
Artifact: X-00002_
Title: UNISYS Metadata Standard
Class: X
Lifecycle: Draft
---
TSN#: TSN2607
Timestamp: 2026-04-26T14:46:00-05:00
Artifact: M-00001_
Title: Document Identity MANIFEST
Class: M
Lifecycle: Draft
---
TSN#: TSN2608
Timestamp: 2026-04-26T14:47:00-05:00
Artifact: E-00001_
Title: ERRSYS Foundation Catalog
Class: E
Lifecycle: Draft
---
TSN#: TSN2609
Timestamp: 2026-04-26T14:48:00-05:00
Artifact: R-00001_
Title: REDOREPO Retention Specification
Class: R
Lifecycle: Draft